Android_Studio/NavigationDrawer/app/build/outputs/logs/manifest-merger-debug-report.txt
-- Merging decision tree log ---
manifest
ADDED from src/main/AndroidManifest.xml:2:1-25:12
INJECTED from src/main/AndroidManifest.xml:2:1-25:12
INJECTED from src/main/AndroidManifest.xml:2:1-25:12
INJECTED from src/main/AndroidManifest.xml:2:1-25:12
MERGED from [com.mikepenz:materialdrawer:6.0.9] AndroidManifest.xml:2:1-11:12
MERGED from [com.mikepenz:iconics-core:3.0.4] AndroidManifest.xml:2:1-11:12
MERGED from [com.mikepenz:fastadapter-extensions-expandable:3.2.8] AndroidManifest.xml:2:1-11:12
MERGED from [com.mikepenz:fastadapter-commons:3.2.8] AndroidManifest.xml:2:1-11:12
MERGED from [com.mikepenz:fastadapter:3.2.8] AndroidManifest.xml:2:1-11:12
MERGED from [com.android.support:design:28.0.0-rc01] AndroidManifest.xml:17:1-24:12
MERGED from [com.android.support:appcompat-v7:28.0.0-rc02] AndroidManifest.xml:17:1-22:12
MERGED from [com.android.support:recyclerview-v7:28.0.0-rc01] AndroidManifest.xml:17:1-22:12
MERGED from [com.android.support:transition:28.0.0-rc01] AndroidManifest.xml:17:1-22:12
MERGED from [com.android.support:cardview-v7:28.0.0-rc01] AndroidManifest.xml:17:1-22:12
MERGED from [com.android.support:support-fragment:28.0.0-rc02] AndroidManifest.xml:17:1-22:12
MERGED from [com.android.support:animated-vector-drawable:28.0.0-rc02] AndroidManifest.xml:17:1-22:12
MERGED from [com.android.support:support-core-ui:28.0.0-rc02] AndroidManifest.xml:17:1-22:12
MERGED from [com.android.support:viewpager:28.0.0-rc02] AndroidManifest.xml:17:1-22:12
MERGED from [com.android.support:coordinatorlayout:28.0.0-rc02] AndroidManifest.xml:17:1-22:12
MERGED from [com.android.support:drawerlayout:28.0.0-rc02] AndroidManifest.xml:17:1-22:12
MERGED from [com.android.support:slidingpanelayout:28.0.0-rc02] AndroidManifest.xml:17:1-22:12
MERGED from [com.android.support:customview:28.0.0-rc02] AndroidManifest.xml:17:1-22:12
MERGED from [com.android.support:swiperefreshlayout:28.0.0-rc02] AndroidManifest.xml:17:1-22:12
MERGED from [com.android.support:asynclayoutinflater:28.0.0-rc02] AndroidManifest.xml:17:1-22:12
MERGED from [com.android.support:support-core-utils:28.0.0-rc02] AndroidManifest.xml:17:1-22:12
MERGED from [com.android.support:loader:28.0.0-rc02] AndroidManifest.xml:17:1-22:12
MERGED from [com.android.support:support-vector-drawable:28.0.0-rc02] AndroidManifest.xml:17:1-22:12
MERGED from [com.android.support:support-compat:28.0.0-rc02] AndroidManifest.xml:17:1-24:12
MERGED from [com.android.support:versionedparcelable:28.0.0-rc02] AndroidManifest.xml:17:1-25:12
MERGED from [android.arch.lifecycle:runtime:1.1.1] AndroidManifest.xml:17:1-22:12
MERGED from [android.arch.lifecycle:livedata-core:1.1.1] AndroidManifest.xml:17:1-22:12
MERGED from [android.arch.core:runtime:1.1.1] AndroidManifest.xml:17:1-22:12
MERGED from [com.android.support:interpolator:28.0.0-rc02] AndroidManifest.xml:17:1-22:12
MERGED from [com.android.support:cursoradapter:28.0.0-rc02] AndroidManifest.xml:17:1-22:12
MERGED from [com.android.support:documentfile:28.0.0-rc02] AndroidManifest.xml:17:1-22:12
MERGED from [com.android.support:localbroadcastmanager:28.0.0-rc02] AndroidManifest.xml:17:1-22:12
MERGED from [com.android.support:print:28.0.0-rc02] AndroidManifest.xml:17:1-22:12
MERGED from [android.arch.lifecycle:viewmodel:1.1.1] AndroidManifest.xml:17:1-22:12
MERGED from [com.mikepenz:crossfadedrawerlayout:1.0.1] AndroidManifest.xml:2:1-12:12
MERGED from [com.mikepenz:materialize:1.1.2] AndroidManifest.xml:2:1-12:12
MERGED from [com.mikepenz:crossfader:1.5.2] AndroidManifest.xml:2:1-12:12
MERGED from [com.mikepenz:iconics-views:3.0.4] AndroidManifest.xml:2:1-11:12
MERGED from [com.mikepenz:google-material-typeface:3.0.1.2.original] AndroidManifest.xml:17:1-29:12
MERGED from [com.mikepenz:material-design-iconic-typeface:2.2.0.4] AndroidManifest.xml:17:1-29:12
MERGED from [com.mikepenz:fontawesome-typeface:5.0.6.0] AndroidManifest.xml:2:1-12:12
MERGED from [com.mikepenz:octicons-typeface:3.2.0.4] AndroidManifest.xml:17:1-29:12
MERGED from [com.mikepenz:meteocons-typeface:1.1.0.4] AndroidManifest.xml:17:1-29:12
MERGED from [com.mikepenz:community-material-typeface:2.0.46.1] AndroidManifest.xml:18:1-30:12
MERGED from [com.mikepenz:weather-icons-typeface:2.0.10.4] AndroidManifest.xml:17:1-29:12
MERGED from [com.mikepenz:typeicons-typeface:2.0.7.4] AndroidManifest.xml:17:1-29:12
MERGED from [com.mikepenz:entypo-typeface:1.0.0.4] AndroidManifest.xml:17:1-29:12
MERGED from [com.mikepenz:devicon-typeface:2.0.0.4] AndroidManifest.xml:17:1-29:12
MERGED from [com.mikepenz:foundation-icons-typeface:3.0.0.4] AndroidManifest.xml:17:1-29:12
MERGED from [com.mikepenz:ionicons-typeface:2.0.1.4] AndroidManifest.xml:17:1-29:12
MERGED from [com.mikepenz:pixeden-7-stroke-typeface:1.2.0.2] AndroidManifest.xml:17:1-29:12
MERGED from [com.android.support.constraint:constraint-layout:1.1.2] AndroidManifest.xml:2:1-11:12
INJECTED from src/main/AndroidManifest.xml:2:1-25:12
INJECTED from src/main/AndroidManifest.xml:2:1-25:12
INJECTED from src/main/AndroidManifest.xml:2:1-25:12
	package
		ADDED from src/main/AndroidManifest.xml:3:5-52
		INJECTED from src/main/AndroidManifest.xml
		INJECTED from src/main/AndroidManifest.xml
	android:versionName
		INJECTED from src/main/AndroidManifest.xml
		ADDED from src/main/AndroidManifest.xml:2:1-25:12
		INJECTED from src/main/AndroidManifest.xml
	android:versionCode
		INJECTED from src/main/AndroidManifest.xml
		ADDED from src/main/AndroidManifest.xml:2:1-25:12
		INJECTED from src/main/AndroidManifest.xml
	xmlns:android
		ADDED from src/main/AndroidManifest.xml:2:11-69
application
ADDED from src/main/AndroidManifest.xml:5:5-23:19
MERGED from [com.android.support:design:28.0.0-rc01] AndroidManifest.xml:22:5-20
MERGED from [com.android.support:design:28.0.0-rc01] AndroidManifest.xml:22:5-20
MERGED from [com.android.support:support-compat:28.0.0-rc02] AndroidManifest.xml:22:5-94
MERGED from [com.android.support:support-compat:28.0.0-rc02] AndroidManifest.xml:22:5-94
MERGED from [com.android.support:versionedparcelable:28.0.0-rc02] AndroidManifest.xml:22:5-23:19
MERGED from [com.android.support:versionedparcelable:28.0.0-rc02] AndroidManifest.xml:22:5-23:19
MERGED from [com.mikepenz:google-material-typeface:3.0.1.2.original] AndroidManifest.xml:27:5-20
MERGED from [com.mikepenz:google-material-typeface:3.0.1.2.original] AndroidManifest.xml:27:5-20
MERGED from [com.mikepenz:material-design-iconic-typeface:2.2.0.4] AndroidManifest.xml:27:5-20
MERGED from [com.mikepenz:material-design-iconic-typeface:2.2.0.4] AndroidManifest.xml:27:5-20
MERGED from [com.mikepenz:octicons-typeface:3.2.0.4] AndroidManifest.xml:27:5-20
MERGED from [com.mikepenz:octicons-typeface:3.2.0.4] AndroidManifest.xml:27:5-20
MERGED from [com.mikepenz:meteocons-typeface:1.1.0.4] AndroidManifest.xml:27:5-20
MERGED from [com.mikepenz:meteocons-typeface:1.1.0.4] AndroidManifest.xml:27:5-20
MERGED from [com.mikepenz:community-material-typeface:2.0.46.1] AndroidManifest.xml:28:5-20
MERGED from [com.mikepenz:community-material-typeface:2.0.46.1] AndroidManifest.xml:28:5-20
MERGED from [com.mikepenz:weather-icons-typeface:2.0.10.4] AndroidManifest.xml:27:5-20
MERGED from [com.mikepenz:weather-icons-typeface:2.0.10.4] AndroidManifest.xml:27:5-20
MERGED from [com.mikepenz:typeicons-typeface:2.0.7.4] AndroidManifest.xml:27:5-20
MERGED from [com.mikepenz:typeicons-typeface:2.0.7.4] AndroidManifest.xml:27:5-20
MERGED from [com.mikepenz:entypo-typeface:1.0.0.4] AndroidManifest.xml:27:5-20
MERGED from [com.mikepenz:entypo-typeface:1.0.0.4] AndroidManifest.xml:27:5-20
MERGED from [com.mikepenz:devicon-typeface:2.0.0.4] AndroidManifest.xml:27:5-20
MERGED from [com.mikepenz:devicon-typeface:2.0.0.4] AndroidManifest.xml:27:5-20
MERGED from [com.mikepenz:foundation-icons-typeface:3.0.0.4] AndroidManifest.xml:27:5-20
MERGED from [com.mikepenz:foundation-icons-typeface:3.0.0.4] AndroidManifest.xml:27:5-20
MERGED from [com.mikepenz:ionicons-typeface:2.0.1.4] AndroidManifest.xml:27:5-20
MERGED from [com.mikepenz:ionicons-typeface:2.0.1.4] AndroidManifest.xml:27:5-20
MERGED from [com.mikepenz:pixeden-7-stroke-typeface:1.2.0.2] AndroidManifest.xml:27:5-20
MERGED from [com.mikepenz:pixeden-7-stroke-typeface:1.2.0.2] AndroidManifest.xml:27:5-20
MERGED from [com.android.support.constraint:constraint-layout:1.1.2] AndroidManifest.xml:9:5-20
MERGED from [com.android.support.constraint:constraint-layout:1.1.2] AndroidManifest.xml:9:5-20
	android:appComponentFactory
		ADDED from [com.android.support:support-compat:28.0.0-rc02] AndroidManifest.xml:22:18-91
	android:supportsRtl
		ADDED from src/main/AndroidManifest.xml:11:9-35
	android:label
		ADDED from src/main/AndroidManifest.xml:9:9-41
	android:roundIcon
		ADDED from src/main/AndroidManifest.xml:10:9-54
	android:icon
		ADDED from src/main/AndroidManifest.xml:8:9-43
	android:allowBackup
		ADDED from src/main/AndroidManifest.xml:7:9-35
	android:theme
		ADDED from src/main/AndroidManifest.xml:12:9-69
	android:name
		ADDED from src/main/AndroidManifest.xml:6:9-42
activity#com.example.robotica.navigationdrawer.MainActivity
ADDED from src/main/AndroidManifest.xml:13:9-22:20
	android:label
		ADDED from src/main/AndroidManifest.xml:15:13-45
	android:theme
		ADDED from src/main/AndroidManifest.xml:16:13-73
	android:name
		ADDED from src/main/AndroidManifest.xml:14:13-41
intent-filter#action:name:android.intent.action.MAIN+category:name:android.intent.category.LAUNCHER
ADDED from src/main/AndroidManifest.xml:17:13-21:29
action#android.intent.action.MAIN
ADDED from src/main/AndroidManifest.xml:18:17-69
	android:name
		ADDED from src/main/AndroidManifest.xml:18:25-66
category#android.intent.category.LAUNCHER
ADDED from src/main/AndroidManifest.xml:20:17-77
	android:name
		ADDED from src/main/AndroidManifest.xml:20:27-74
uses-sdk
INJECTED from src/main/AndroidManifest.xml reason: use-sdk injection requested
INJECTED from src/main/AndroidManifest.xml
INJECTED from src/main/AndroidManifest.xml
MERGED from [com.mikepenz:materialdrawer:6.0.9] AndroidManifest.xml:7:5-9:41
MERGED from [com.mikepenz:materialdrawer:6.0.9] AndroidManifest.xml:7:5-9:41
MERGED from [com.mikepenz:iconics-core:3.0.4] AndroidManifest.xml:7:5-9:41
MERGED from [com.mikepenz:iconics-core:3.0.4] AndroidManifest.xml:7:5-9:41
MERGED from [com.mikepenz:fastadapter-extensions-expandable:3.2.8] AndroidManifest.xml:7:5-9:41
MERGED from [com.mikepenz:fastadapter-extensions-expandable:3.2.8] AndroidManifest.xml:7:5-9:41
MERGED from [com.mikepenz:fastadapter-commons:3.2.8] AndroidManifest.xml:7:5-9:41
MERGED from [com.mikepenz:fastadapter-commons:3.2.8] AndroidManifest.xml:7:5-9:41
MERGED from [com.mikepenz:fastadapter:3.2.8] AndroidManifest.xml:7:5-9:41
MERGED from [com.mikepenz:fastadapter:3.2.8] AndroidManifest.xml:7:5-9:41
MERGED from [com.android.support:design:28.0.0-rc01] AndroidManifest.xml:20:5-44
MERGED from [com.android.support:design:28.0.0-rc01] AndroidManifest.xml:20:5-44
MERGED from [com.android.support:appcompat-v7:28.0.0-rc02] AndroidManifest.xml:20:5-44
MERGED from [com.android.support:appcompat-v7:28.0.0-rc02] AndroidManifest.xml:20:5-44
MERGED from [com.android.support:recyclerview-v7:28.0.0-rc01] AndroidManifest.xml:20:5-44
MERGED from [com.android.support:recyclerview-v7:28.0.0-rc01] AndroidManifest.xml:20:5-44
MERGED from [com.android.support:transition:28.0.0-rc01] AndroidManifest.xml:20:5-44
MERGED from [com.android.support:transition:28.0.0-rc01] AndroidManifest.xml:20:5-44
MERGED from [com.android.support:cardview-v7:28.0.0-rc01] AndroidManifest.xml:20:5-44
MERGED from [com.android.support:cardview-v7:28.0.0-rc01] AndroidManifest.xml:20:5-44
MERGED from [com.android.support:support-fragment:28.0.0-rc02] AndroidManifest.xml:20:5-44
MERGED from [com.android.support:support-fragment:28.0.0-rc02] AndroidManifest.xml:20:5-44
MERGED from [com.android.support:animated-vector-drawable:28.0.0-rc02] AndroidManifest.xml:20:5-44
MERGED from [com.android.support:animated-vector-drawable:28.0.0-rc02] AndroidManifest.xml:20:5-44
MERGED from [com.android.support:support-core-ui:28.0.0-rc02] AndroidManifest.xml:20:5-44
MERGED from [com.android.support:support-core-ui:28.0.0-rc02] AndroidManifest.xml:20:5-44
MERGED from [com.android.support:viewpager:28.0.0-rc02] AndroidManifest.xml:20:5-44
MERGED from [com.android.support:viewpager:28.0.0-rc02] AndroidManifest.xml:20:5-44
MERGED from [com.android.support:coordinatorlayout:28.0.0-rc02] AndroidManifest.xml:20:5-44
MERGED from [com.android.support:coordinatorlayout:28.0.0-rc02] AndroidManifest.xml:20:5-44
MERGED from [com.android.support:drawerlayout:28.0.0-rc02] AndroidManifest.xml:20:5-44
MERGED from [com.android.support:drawerlayout:28.0.0-rc02] AndroidManifest.xml:20:5-44
MERGED from [com.android.support:slidingpanelayout:28.0.0-rc02] AndroidManifest.xml:20:5-44
MERGED from [com.android.support:slidingpanelayout:28.0.0-rc02] AndroidManifest.xml:20:5-44
MERGED from [com.android.support:customview:28.0.0-rc02] AndroidManifest.xml:20:5-44
MERGED from [com.android.support:customview:28.0.0-rc02] AndroidManifest.xml:20:5-44
MERGED from [com.android.support:swiperefreshlayout:28.0.0-rc02] AndroidManifest.xml:20:5-44
MERGED from [com.android.support:swiperefreshlayout:28.0.0-rc02] AndroidManifest.xml:20:5-44
MERGED from [com.android.support:asynclayoutinflater:28.0.0-rc02] AndroidManifest.xml:20:5-44
MERGED from [com.android.support:asynclayoutinflater:28.0.0-rc02] AndroidManifest.xml:20:5-44
MERGED from [com.android.support:support-core-utils:28.0.0-rc02] AndroidManifest.xml:20:5-44
MERGED from [com.android.support:support-core-utils:28.0.0-rc02] AndroidManifest.xml:20:5-44
MERGED from [com.android.support:loader:28.0.0-rc02] AndroidManifest.xml:20:5-44
MERGED from [com.android.support:loader:28.0.0-rc02] AndroidManifest.xml:20:5-44
MERGED from [com.android.support:support-vector-drawable:28.0.0-rc02] AndroidManifest.xml:20:5-44
MERGED from [com.android.support:support-vector-drawable:28.0.0-rc02] AndroidManifest.xml:20:5-44
MERGED from [com.android.support:support-compat:28.0.0-rc02] AndroidManifest.xml:20:5-44
MERGED from [com.android.support:support-compat:28.0.0-rc02] AndroidManifest.xml:20:5-44
MERGED from [com.android.support:versionedparcelable:28.0.0-rc02] AndroidManifest.xml:20:5-44
MERGED from [com.android.support:versionedparcelable:28.0.0-rc02] AndroidManifest.xml:20:5-44
MERGED from [android.arch.lifecycle:runtime:1.1.1] AndroidManifest.xml:20:5-44
MERGED from [android.arch.lifecycle:runtime:1.1.1] AndroidManifest.xml:20:5-44
MERGED from [android.arch.lifecycle:livedata-core:1.1.1] AndroidManifest.xml:20:5-44
MERGED from [android.arch.lifecycle:livedata-core:1.1.1] AndroidManifest.xml:20:5-44
MERGED from [android.arch.core:runtime:1.1.1] AndroidManifest.xml:20:5-44
MERGED from [android.arch.core:runtime:1.1.1] AndroidManifest.xml:20:5-44
MERGED from [com.android.support:interpolator:28.0.0-rc02] AndroidManifest.xml:20:5-44
MERGED from [com.android.support:interpolator:28.0.0-rc02] AndroidManifest.xml:20:5-44
MERGED from [com.android.support:cursoradapter:28.0.0-rc02] AndroidManifest.xml:20:5-44
MERGED from [com.android.support:cursoradapter:28.0.0-rc02] AndroidManifest.xml:20:5-44
MERGED from [com.android.support:documentfile:28.0.0-rc02] AndroidManifest.xml:20:5-44
MERGED from [com.android.support:documentfile:28.0.0-rc02] AndroidManifest.xml:20:5-44
MERGED from [com.android.support:localbroadcastmanager:28.0.0-rc02] AndroidManifest.xml:20:5-44
MERGED from [com.android.support:localbroadcastmanager:28.0.0-rc02] AndroidManifest.xml:20:5-44
MERGED from [com.android.support:print:28.0.0-rc02] AndroidManifest.xml:20:5-44
MERGED from [com.android.support:print:28.0.0-rc02] AndroidManifest.xml:20:5-44
MERGED from [android.arch.lifecycle:viewmodel:1.1.1] AndroidManifest.xml:20:5-44
MERGED from [android.arch.lifecycle:viewmodel:1.1.1] AndroidManifest.xml:20:5-44
MERGED from [com.mikepenz:crossfadedrawerlayout:1.0.1] AndroidManifest.xml:8:5-10:41
MERGED from [com.mikepenz:crossfadedrawerlayout:1.0.1] AndroidManifest.xml:8:5-10:41
MERGED from [com.mikepenz:materialize:1.1.2] AndroidManifest.xml:8:5-10:41
MERGED from [com.mikepenz:materialize:1.1.2] AndroidManifest.xml:8:5-10:41
MERGED from [com.mikepenz:crossfader:1.5.2] AndroidManifest.xml:8:5-10:41
MERGED from [com.mikepenz:crossfader:1.5.2] AndroidManifest.xml:8:5-10:41
MERGED from [com.mikepenz:iconics-views:3.0.4] AndroidManifest.xml:7:5-9:41
MERGED from [com.mikepenz:iconics-views:3.0.4] AndroidManifest.xml:7:5-9:41
MERGED from [com.mikepenz:google-material-typeface:3.0.1.2.original] AndroidManifest.xml:23:5-25:41
MERGED from [com.mikepenz:google-material-typeface:3.0.1.2.original] AndroidManifest.xml:23:5-25:41
MERGED from [com.mikepenz:material-design-iconic-typeface:2.2.0.4] AndroidManifest.xml:23:5-25:41
MERGED from [com.mikepenz:material-design-iconic-typeface:2.2.0.4] AndroidManifest.xml:23:5-25:41
MERGED from [com.mikepenz:fontawesome-typeface:5.0.6.0] AndroidManifest.xml:8:5-10:41
MERGED from [com.mikepenz:fontawesome-typeface:5.0.6.0] AndroidManifest.xml:8:5-10:41
MERGED from [com.mikepenz:octicons-typeface:3.2.0.4] AndroidManifest.xml:23:5-25:41
MERGED from [com.mikepenz:octicons-typeface:3.2.0.4] AndroidManifest.xml:23:5-25:41
MERGED from [com.mikepenz:meteocons-typeface:1.1.0.4] AndroidManifest.xml:23:5-25:41
MERGED from [com.mikepenz:meteocons-typeface:1.1.0.4] AndroidManifest.xml:23:5-25:41
MERGED from [com.mikepenz:community-material-typeface:2.0.46.1] AndroidManifest.xml:24:5-26:41
MERGED from [com.mikepenz:community-material-typeface:2.0.46.1] AndroidManifest.xml:24:5-26:41
MERGED from [com.mikepenz:weather-icons-typeface:2.0.10.4] AndroidManifest.xml:23:5-25:41
MERGED from [com.mikepenz:weather-icons-typeface:2.0.10.4] AndroidManifest.xml:23:5-25:41
MERGED from [com.mikepenz:typeicons-typeface:2.0.7.4] AndroidManifest.xml:23:5-25:41
MERGED from [com.mikepenz:typeicons-typeface:2.0.7.4] AndroidManifest.xml:23:5-25:41
MERGED from [com.mikepenz:entypo-typeface:1.0.0.4] AndroidManifest.xml:23:5-25:41
MERGED from [com.mikepenz:entypo-typeface:1.0.0.4] AndroidManifest.xml:23:5-25:41
MERGED from [com.mikepenz:devicon-typeface:2.0.0.4] AndroidManifest.xml:23:5-25:41
MERGED from [com.mikepenz:devicon-typeface:2.0.0.4] AndroidManifest.xml:23:5-25:41
MERGED from [com.mikepenz:foundation-icons-typeface:3.0.0.4] AndroidManifest.xml:23:5-25:41
MERGED from [com.mikepenz:foundation-icons-typeface:3.0.0.4] AndroidManifest.xml:23:5-25:41
MERGED from [com.mikepenz:ionicons-typeface:2.0.1.4] AndroidManifest.xml:23:5-25:41
MERGED from [com.mikepenz:ionicons-typeface:2.0.1.4] AndroidManifest.xml:23:5-25:41
MERGED from [com.mikepenz:pixeden-7-stroke-typeface:1.2.0.2] AndroidManifest.xml:23:5-25:41
MERGED from [com.mikepenz:pixeden-7-stroke-typeface:1.2.0.2] AndroidManifest.xml:23:5-25:41
MERGED from [com.android.support.constraint:constraint-layout:1.1.2] AndroidManifest.xml:5:5-7:41
MERGED from [com.android.support.constraint:constraint-layout:1.1.2] AndroidManifest.xml:5:5-7:41
INJECTED from src/main/AndroidManifest.xml
INJECTED from src/main/AndroidManifest.xml
	android:targetSdkVersion
		INJECTED from src/main/AndroidManifest.xml
		ADDED from src/main/AndroidManifest.xml
		INJECTED from src/main/AndroidManifest.xml
	android:minSdkVersion
		INJECTED from src/main/AndroidManifest.xml
		ADDED from src/main/AndroidManifest.xml
		INJECTED from src/main/AndroidManifest.xml